<?xml version="1.0" encoding="UTF-8"?>
<testng-results skipped="0" failed="0" ignored="0" total="1" passed="1">
  <reporter-output>
  </reporter-output>
  <suite name="Command line suite" duration-ms="9" started-at="2019-01-05T23:27:13Z" finished-at="2019-01-05T23:27:13Z">
    <groups>
    </groups>
    <test name="Command line test" duration-ms="9" started-at="2019-01-05T23:27:13Z" finished-at="2019-01-05T23:27:13Z">
      <class name="com.techfundas.demoframework.AppTest">
        <test-method status="PASS" signature="testApp()[pri:0, instance:testApp(com.techfundas.demoframework.AppTest)]" name="testApp" duration-ms="1" started-at="2019-01-05T23:27:13Z" finished-at="2019-01-05T23:27:13Z">
          <reporter-output>
          </reporter-output>
        </test-method> <!-- testApp -->
      </class> <!-- com.techfundas.demoframework.AppTest -->
    </test> <!-- Command line test -->
  </suite> <!-- Command line suite -->
</testng-results>
