<?xml version="1.0" encoding="UTF-8"?>
<testng-results skipped="0" failed="0" ignored="0" total="1" passed="1">
  <reporter-output>
  </reporter-output>
  <suite name="Command line suite" duration-ms="3132" started-at="2019-01-05T23:27:10Z" finished-at="2019-01-05T23:27:13Z">
    <groups>
    </groups>
    <test name="Command line test" duration-ms="3132" started-at="2019-01-05T23:27:10Z" finished-at="2019-01-05T23:27:13Z">
      <class name="com.techfundas.demoframework.DemoTest">
        <test-method status="PASS" signature="validatelaunch()[pri:0, instance:com.techfundas.demoframework.DemoTest@60f82f98]" name="validatelaunch" duration-ms="3099" started-at="2019-01-05T23:27:10Z" finished-at="2019-01-05T23:27:13Z">
          <reporter-output>
          </reporter-output>
        </test-method> <!-- validatelaunch -->
      </class> <!-- com.techfundas.demoframework.DemoTest -->
    </test> <!-- Command line test -->
  </suite> <!-- Command line suite -->
</testng-results>
