<?xml version="1.0" encoding="UTF-8"?>
<testng-results skipped="0" failed="0" ignored="0" total="1" passed="1">
  <reporter-output>
  </reporter-output>
  <suite name="Launchsuite" duration-ms="7272" started-at="2019-01-08T00:41:01Z" finished-at="2019-01-08T00:41:08Z">
    <groups>
    </groups>
    <test name="Launch Tests" duration-ms="7272" started-at="2019-01-08T00:41:01Z" finished-at="2019-01-08T00:41:08Z">
      <class name="com.techfundas.demoframework.DemoTest">
        <test-method status="PASS" signature="validatelaunch()[pri:0, instance:com.techfundas.demoframework.DemoTest@6cd8737]" name="validatelaunch" duration-ms="7241" started-at="2019-01-08T00:41:01Z" finished-at="2019-01-08T00:41:08Z">
          <reporter-output>
          </reporter-output>
        </test-method> <!-- validatelaunch -->
      </class> <!-- com.techfundas.demoframework.DemoTest -->
    </test> <!-- Launch Tests -->
  </suite> <!-- Launchsuite -->
</testng-results>
