<?xml version="1.0" encoding="UTF-8"?>
<testng-results skipped="0" failed="0" ignored="0" total="1" passed="1">
  <reporter-output>
  </reporter-output>
  <suite name="Default suite" duration-ms="3446" started-at="2019-01-05T23:10:26Z" finished-at="2019-01-05T23:10:30Z">
    <groups>
    </groups>
    <test name="Default test" duration-ms="3446" started-at="2019-01-05T23:10:26Z" finished-at="2019-01-05T23:10:30Z">
      <class name="com.techfundas.demoframework.DemoTest">
        <test-method status="PASS" signature="validatelaunch()[pri:0, instance:com.techfundas.demoframework.DemoTest@c038203]" name="validatelaunch" duration-ms="3397" started-at="2019-01-05T23:10:27Z" finished-at="2019-01-05T23:10:30Z">
          <reporter-output>
          </reporter-output>
        </test-method> <!-- validatelaunch -->
      </class> <!-- com.techfundas.demoframework.DemoTest -->
    </test> <!-- Default test -->
  </suite> <!-- Default suite -->
</testng-results>
